<?xml version="1.0" encoding="UTF-8"?>
<testsuite name="com.costacarol.cloudnative.tema1.annotation.service.CalculatorServiceTest" tests="13" skipped="0" failures="0" errors="0" timestamp="2020-10-15T13:13:52" hostname="ilegra-OptiPlex-9020" time="0.661">
  <properties/>
  <testcase name="testExecuteSumWithNegativeNumbers" classname="com.costacarol.cloudnative.tema1.annotation.service.CalculatorServiceTest" time="0.283"/>
  <testcase name="getResultOfRealizedOperation" classname="com.costacarol.cloudnative.tema1.annotation.service.CalculatorServiceTest" time="0.049"/>
  <testcase name="testExecuteDivision" classname="com.costacarol.cloudnative.tema1.annotation.service.CalculatorServiceTest" time="0.045"/>
  <testcase name="testExecuteSubWithNegativeNumbers" classname="com.costacarol.cloudnative.tema1.annotation.service.CalculatorServiceTest" time="0.035"/>
  <testcase name="testExecuteMultiply" classname="com.costacarol.cloudnative.tema1.annotation.service.CalculatorServiceTest" time="0.033"/>
  <testcase name="getOperationsHistory" classname="com.costacarol.cloudnative.tema1.annotation.service.CalculatorServiceTest" time="0.022"/>
  <testcase name="getResultOfRealizedOperationWithInvalidIndex" classname="com.costacarol.cloudnative.tema1.annotation.service.CalculatorServiceTest" time="0.024"/>
  <testcase name="testExecutePow" classname="com.costacarol.cloudnative.tema1.annotation.service.CalculatorServiceTest" time="0.024"/>
  <testcase name="testExecuteSub" classname="com.costacarol.cloudnative.tema1.annotation.service.CalculatorServiceTest" time="0.028"/>
  <testcase name="testExecuteSum" classname="com.costacarol.cloudnative.tema1.annotation.service.CalculatorServiceTest" time="0.031"/>
  <testcase name="testExecutePowWithNotInter" classname="com.costacarol.cloudnative.tema1.annotation.service.CalculatorServiceTest" time="0.031"/>
  <testcase name="testExecuteDivisionWithNotInterResult" classname="com.costacarol.cloudnative.tema1.annotation.service.CalculatorServiceTest" time="0.028"/>
  <testcase name="testExecuteDivisionWithZero" classname="com.costacarol.cloudnative.tema1.annotation.service.CalculatorServiceTest" time="0.024"/>
  <system-out><![CDATA[]]></system-out>
  <system-err><![CDATA[Oct 15, 2020 10:13:52 AM org.springframework.context.annotation.AnnotationConfigApplicationContext prepareRefresh
INFO: Refreshing org.springframework.context.annotation.AnnotationConfigApplicationContext@36a58c9a: startup date [Thu Oct 15 10:13:52 BRT 2020]; root of context hierarchy
Oct 15, 2020 10:13:52 AM org.springframework.beans.factory.support.DefaultListableBeanFactory registerBeanDefinition
INFO: Overriding bean definition for bean 'calculatorService' with a different definition: replacing [Generic bean: class [com.costacarol.cloudnative.tema1.annotation.service.CalculatorService]; scope=singleton; abstract=false; lazyInit=false; autowireMode=0; dependencyCheck=0; autowireCandidate=true; primary=false; factoryBeanName=null; factoryMethodName=null; initMethodName=null; destroyMethodName=null; defined in file [/home/ilegra/IdeaProjects/CloudTema1/build/classes/java/main/com/costacarol/cloudnative/tema1/annotation/service/CalculatorService.class]] with [Root bean: class [null]; scope=; abstract=false; lazyInit=false; autowireMode=3; dependencyCheck=0; autowireCandidate=true; primary=false; factoryBeanName=appConfig; factoryMethodName=calculatorService; initMethodName=null; destroyMethodName=(inferred); defined in com.costacarol.cloudnative.tema1.annotation.app.AppConfig]
Oct 15, 2020 10:13:52 AM org.springframework.context.annotation.AnnotationConfigApplicationContext prepareRefresh
INFO: Refreshing org.springframework.context.annotation.AnnotationConfigApplicationContext@16a39c1: startup date [Thu Oct 15 10:13:52 BRT 2020]; root of context hierarchy
Oct 15, 2020 10:13:52 AM org.springframework.beans.factory.support.DefaultListableBeanFactory registerBeanDefinition
INFO: Overriding bean definition for bean 'calculatorService' with a different definition: replacing [Generic bean: class [com.costacarol.cloudnative.tema1.annotation.service.CalculatorService]; scope=singleton; abstract=false; lazyInit=false; autowireMode=0; dependencyCheck=0; autowireCandidate=true; primary=false; factoryBeanName=null; factoryMethodName=null; initMethodName=null; destroyMethodName=null; defined in file [/home/ilegra/IdeaProjects/CloudTema1/build/classes/java/main/com/costacarol/cloudnative/tema1/annotation/service/CalculatorService.class]] with [Root bean: class [null]; scope=; abstract=false; lazyInit=false; autowireMode=3; dependencyCheck=0; autowireCandidate=true; primary=false; factoryBeanName=appConfig; factoryMethodName=calculatorService; initMethodName=null; destroyMethodName=(inferred); defined in com.costacarol.cloudnative.tema1.annotation.app.AppConfig]
Oct 15, 2020 10:13:52 AM org.springframework.context.annotation.AnnotationConfigApplicationContext prepareRefresh
INFO: Refreshing org.springframework.context.annotation.AnnotationConfigApplicationContext@44c95f11: startup date [Thu Oct 15 10:13:52 BRT 2020]; root of context hierarchy
Oct 15, 2020 10:13:52 AM org.springframework.beans.factory.support.DefaultListableBeanFactory registerBeanDefinition
INFO: Overriding bean definition for bean 'calculatorService' with a different definition: replacing [Generic bean: class [com.costacarol.cloudnative.tema1.annotation.service.CalculatorService]; scope=singleton; abstract=false; lazyInit=false; autowireMode=0; dependencyCheck=0; autowireCandidate=true; primary=false; factoryBeanName=null; factoryMethodName=null; initMethodName=null; destroyMethodName=null; defined in file [/home/ilegra/IdeaProjects/CloudTema1/build/classes/java/main/com/costacarol/cloudnative/tema1/annotation/service/CalculatorService.class]] with [Root bean: class [null]; scope=; abstract=false; lazyInit=false; autowireMode=3; dependencyCheck=0; autowireCandidate=true; primary=false; factoryBeanName=appConfig; factoryMethodName=calculatorService; initMethodName=null; destroyMethodName=(inferred); defined in com.costacarol.cloudnative.tema1.annotation.app.AppConfig]
Oct 15, 2020 10:13:52 AM org.springframework.context.annotation.AnnotationConfigApplicationContext prepareRefresh
INFO: Refreshing org.springframework.context.annotation.AnnotationConfigApplicationContext@484ccbe8: startup date [Thu Oct 15 10:13:52 BRT 2020]; root of context hierarchy
Oct 15, 2020 10:13:52 AM org.springframework.beans.factory.support.DefaultListableBeanFactory registerBeanDefinition
INFO: Overriding bean definition for bean 'calculatorService' with a different definition: replacing [Generic bean: class [com.costacarol.cloudnative.tema1.annotation.service.CalculatorService]; scope=singleton; abstract=false; lazyInit=false; autowireMode=0; dependencyCheck=0; autowireCandidate=true; primary=false; factoryBeanName=null; factoryMethodName=null; initMethodName=null; destroyMethodName=null; defined in file [/home/ilegra/IdeaProjects/CloudTema1/build/classes/java/main/com/costacarol/cloudnative/tema1/annotation/service/CalculatorService.class]] with [Root bean: class [null]; scope=; abstract=false; lazyInit=false; autowireMode=3; dependencyCheck=0; autowireCandidate=true; primary=false; factoryBeanName=appConfig; factoryMethodName=calculatorService; initMethodName=null; destroyMethodName=(inferred); defined in com.costacarol.cloudnative.tema1.annotation.app.AppConfig]
Oct 15, 2020 10:13:52 AM org.springframework.context.annotation.AnnotationConfigApplicationContext prepareRefresh
INFO: Refreshing org.springframework.context.annotation.AnnotationConfigApplicationContext@41dcd55f: startup date [Thu Oct 15 10:13:52 BRT 2020]; root of context hierarchy
Oct 15, 2020 10:13:52 AM org.springframework.beans.factory.support.DefaultListableBeanFactory registerBeanDefinition
INFO: Overriding bean definition for bean 'calculatorService' with a different definition: replacing [Generic bean: class [com.costacarol.cloudnative.tema1.annotation.service.CalculatorService]; scope=singleton; abstract=false; lazyInit=false; autowireMode=0; dependencyCheck=0; autowireCandidate=true; primary=false; factoryBeanName=null; factoryMethodName=null; initMethodName=null; destroyMethodName=null; defined in file [/home/ilegra/IdeaProjects/CloudTema1/build/classes/java/main/com/costacarol/cloudnative/tema1/annotation/service/CalculatorService.class]] with [Root bean: class [null]; scope=; abstract=false; lazyInit=false; autowireMode=3; dependencyCheck=0; autowireCandidate=true; primary=false; factoryBeanName=appConfig; factoryMethodName=calculatorService; initMethodName=null; destroyMethodName=(inferred); defined in com.costacarol.cloudnative.tema1.annotation.app.AppConfig]
Oct 15, 2020 10:13:52 AM org.springframework.context.annotation.AnnotationConfigApplicationContext prepareRefresh
INFO: Refreshing org.springframework.context.annotation.AnnotationConfigApplicationContext@27c063b4: startup date [Thu Oct 15 10:13:52 BRT 2020]; root of context hierarchy
Oct 15, 2020 10:13:52 AM org.springframework.beans.factory.support.DefaultListableBeanFactory registerBeanDefinition
INFO: Overriding bean definition for bean 'calculatorService' with a different definition: replacing [Generic bean: class [com.costacarol.cloudnative.tema1.annotation.service.CalculatorService]; scope=singleton; abstract=false; lazyInit=false; autowireMode=0; dependencyCheck=0; autowireCandidate=true; primary=false; factoryBeanName=null; factoryMethodName=null; initMethodName=null; destroyMethodName=null; defined in file [/home/ilegra/IdeaProjects/CloudTema1/build/classes/java/main/com/costacarol/cloudnative/tema1/annotation/service/CalculatorService.class]] with [Root bean: class [null]; scope=; abstract=false; lazyInit=false; autowireMode=3; dependencyCheck=0; autowireCandidate=true; primary=false; factoryBeanName=appConfig; factoryMethodName=calculatorService; initMethodName=null; destroyMethodName=(inferred); defined in com.costacarol.cloudnative.tema1.annotation.app.AppConfig]
Oct 15, 2020 10:13:52 AM org.springframework.context.annotation.AnnotationConfigApplicationContext prepareRefresh
INFO: Refreshing org.springframework.context.annotation.AnnotationConfigApplicationContext@3aba77ba: startup date [Thu Oct 15 10:13:52 BRT 2020]; root of context hierarchy
Oct 15, 2020 10:13:52 AM org.springframework.beans.factory.support.DefaultListableBeanFactory registerBeanDefinition
INFO: Overriding bean definition for bean 'calculatorService' with a different definition: replacing [Generic bean: class [com.costacarol.cloudnative.tema1.annotation.service.CalculatorService]; scope=singleton; abstract=false; lazyInit=false; autowireMode=0; dependencyCheck=0; autowireCandidate=true; primary=false; factoryBeanName=null; factoryMethodName=null; initMethodName=null; destroyMethodName=null; defined in file [/home/ilegra/IdeaProjects/CloudTema1/build/classes/java/main/com/costacarol/cloudnative/tema1/annotation/service/CalculatorService.class]] with [Root bean: class [null]; scope=; abstract=false; lazyInit=false; autowireMode=3; dependencyCheck=0; autowireCandidate=true; primary=false; factoryBeanName=appConfig; factoryMethodName=calculatorService; initMethodName=null; destroyMethodName=(inferred); defined in com.costacarol.cloudnative.tema1.annotation.app.AppConfig]
Oct 15, 2020 10:13:52 AM org.springframework.context.annotation.AnnotationConfigApplicationContext prepareRefresh
INFO: Refreshing org.springframework.context.annotation.AnnotationConfigApplicationContext@10e0decd: startup date [Thu Oct 15 10:13:52 BRT 2020]; root of context hierarchy
Oct 15, 2020 10:13:52 AM org.springframework.beans.factory.support.DefaultListableBeanFactory registerBeanDefinition
INFO: Overriding bean definition for bean 'calculatorService' with a different definition: replacing [Generic bean: class [com.costacarol.cloudnative.tema1.annotation.service.CalculatorService]; scope=singleton; abstract=false; lazyInit=false; autowireMode=0; dependencyCheck=0; autowireCandidate=true; primary=false; factoryBeanName=null; factoryMethodName=null; initMethodName=null; destroyMethodName=null; defined in file [/home/ilegra/IdeaProjects/CloudTema1/build/classes/java/main/com/costacarol/cloudnative/tema1/annotation/service/CalculatorService.class]] with [Root bean: class [null]; scope=; abstract=false; lazyInit=false; autowireMode=3; dependencyCheck=0; autowireCandidate=true; primary=false; factoryBeanName=appConfig; factoryMethodName=calculatorService; initMethodName=null; destroyMethodName=(inferred); defined in com.costacarol.cloudnative.tema1.annotation.app.AppConfig]
Oct 15, 2020 10:13:52 AM org.springframework.context.annotation.AnnotationConfigApplicationContext prepareRefresh
INFO: Refreshing org.springframework.context.annotation.AnnotationConfigApplicationContext@1acf1bb2: startup date [Thu Oct 15 10:13:52 BRT 2020]; root of context hierarchy
Oct 15, 2020 10:13:53 AM org.springframework.beans.factory.support.DefaultListableBeanFactory registerBeanDefinition
INFO: Overriding bean definition for bean 'calculatorService' with a different definition: replacing [Generic bean: class [com.costacarol.cloudnative.tema1.annotation.service.CalculatorService]; scope=singleton; abstract=false; lazyInit=false; autowireMode=0; dependencyCheck=0; autowireCandidate=true; primary=false; factoryBeanName=null; factoryMethodName=null; initMethodName=null; destroyMethodName=null; defined in file [/home/ilegra/IdeaProjects/CloudTema1/build/classes/java/main/com/costacarol/cloudnative/tema1/annotation/service/CalculatorService.class]] with [Root bean: class [null]; scope=; abstract=false; lazyInit=false; autowireMode=3; dependencyCheck=0; autowireCandidate=true; primary=false; factoryBeanName=appConfig; factoryMethodName=calculatorService; initMethodName=null; destroyMethodName=(inferred); defined in com.costacarol.cloudnative.tema1.annotation.app.AppConfig]
Oct 15, 2020 10:13:53 AM org.springframework.context.annotation.AnnotationConfigApplicationContext prepareRefresh
INFO: Refreshing org.springframework.context.annotation.AnnotationConfigApplicationContext@37dfc637: startup date [Thu Oct 15 10:13:53 BRT 2020]; root of context hierarchy
Oct 15, 2020 10:13:53 AM org.springframework.beans.factory.support.DefaultListableBeanFactory registerBeanDefinition
INFO: Overriding bean definition for bean 'calculatorService' with a different definition: replacing [Generic bean: class [com.costacarol.cloudnative.tema1.annotation.service.CalculatorService]; scope=singleton; abstract=false; lazyInit=false; autowireMode=0; dependencyCheck=0; autowireCandidate=true; primary=false; factoryBeanName=null; factoryMethodName=null; initMethodName=null; destroyMethodName=null; defined in file [/home/ilegra/IdeaProjects/CloudTema1/build/classes/java/main/com/costacarol/cloudnative/tema1/annotation/service/CalculatorService.class]] with [Root bean: class [null]; scope=; abstract=false; lazyInit=false; autowireMode=3; dependencyCheck=0; autowireCandidate=true; primary=false; factoryBeanName=appConfig; factoryMethodName=calculatorService; initMethodName=null; destroyMethodName=(inferred); defined in com.costacarol.cloudnative.tema1.annotation.app.AppConfig]
Oct 15, 2020 10:13:53 AM org.springframework.context.annotation.AnnotationConfigApplicationContext prepareRefresh
INFO: Refreshing org.springframework.context.annotation.AnnotationConfigApplicationContext@9bb3df4: startup date [Thu Oct 15 10:13:53 BRT 2020]; root of context hierarchy
Oct 15, 2020 10:13:53 AM org.springframework.beans.factory.support.DefaultListableBeanFactory registerBeanDefinition
INFO: Overriding bean definition for bean 'calculatorService' with a different definition: replacing [Generic bean: class [com.costacarol.cloudnative.tema1.annotation.service.CalculatorService]; scope=singleton; abstract=false; lazyInit=false; autowireMode=0; dependencyCheck=0; autowireCandidate=true; primary=false; factoryBeanName=null; factoryMethodName=null; initMethodName=null; destroyMethodName=null; defined in file [/home/ilegra/IdeaProjects/CloudTema1/build/classes/java/main/com/costacarol/cloudnative/tema1/annotation/service/CalculatorService.class]] with [Root bean: class [null]; scope=; abstract=false; lazyInit=false; autowireMode=3; dependencyCheck=0; autowireCandidate=true; primary=false; factoryBeanName=appConfig; factoryMethodName=calculatorService; initMethodName=null; destroyMethodName=(inferred); defined in com.costacarol.cloudnative.tema1.annotation.app.AppConfig]
Oct 15, 2020 10:13:53 AM org.springframework.context.annotation.AnnotationConfigApplicationContext prepareRefresh
INFO: Refreshing org.springframework.context.annotation.AnnotationConfigApplicationContext@7b3273d5: startup date [Thu Oct 15 10:13:53 BRT 2020]; root of context hierarchy
Oct 15, 2020 10:13:53 AM org.springframework.beans.factory.support.DefaultListableBeanFactory registerBeanDefinition
INFO: Overriding bean definition for bean 'calculatorService' with a different definition: replacing [Generic bean: class [com.costacarol.cloudnative.tema1.annotation.service.CalculatorService]; scope=singleton; abstract=false; lazyInit=false; autowireMode=0; dependencyCheck=0; autowireCandidate=true; primary=false; factoryBeanName=null; factoryMethodName=null; initMethodName=null; destroyMethodName=null; defined in file [/home/ilegra/IdeaProjects/CloudTema1/build/classes/java/main/com/costacarol/cloudnative/tema1/annotation/service/CalculatorService.class]] with [Root bean: class [null]; scope=; abstract=false; lazyInit=false; autowireMode=3; dependencyCheck=0; autowireCandidate=true; primary=false; factoryBeanName=appConfig; factoryMethodName=calculatorService; initMethodName=null; destroyMethodName=(inferred); defined in com.costacarol.cloudnative.tema1.annotation.app.AppConfig]
Oct 15, 2020 10:13:53 AM org.springframework.context.annotation.AnnotationConfigApplicationContext prepareRefresh
INFO: Refreshing org.springframework.context.annotation.AnnotationConfigApplicationContext@645a2bc9: startup date [Thu Oct 15 10:13:53 BRT 2020]; root of context hierarchy
Oct 15, 2020 10:13:53 AM org.springframework.beans.factory.support.DefaultListableBeanFactory registerBeanDefinition
INFO: Overriding bean definition for bean 'calculatorService' with a different definition: replacing [Generic bean: class [com.costacarol.cloudnative.tema1.annotation.service.CalculatorService]; scope=singleton; abstract=false; lazyInit=false; autowireMode=0; dependencyCheck=0; autowireCandidate=true; primary=false; factoryBeanName=null; factoryMethodName=null; initMethodName=null; destroyMethodName=null; defined in file [/home/ilegra/IdeaProjects/CloudTema1/build/classes/java/main/com/costacarol/cloudnative/tema1/annotation/service/CalculatorService.class]] with [Root bean: class [null]; scope=; abstract=false; lazyInit=false; autowireMode=3; dependencyCheck=0; autowireCandidate=true; primary=false; factoryBeanName=appConfig; factoryMethodName=calculatorService; initMethodName=null; destroyMethodName=(inferred); defined in com.costacarol.cloudnative.tema1.annotation.app.AppConfig]
]]></system-err>
</testsuite>
